<?xml version="1.0" encoding="UTF-8"?>
<!-- Generated by org.testng.reporters.JUnitXMLReporter -->
<testsuite ignored="0" hostname="TokhiPC" failures="0" tests="9" name="Default test" time="83.796" errors="0" timestamp="2023-05-13T02:45:33 AST">
  <testcase classname="TCs.P_P_C_Validation_TC" name="ValidatePackageDetails_TC" time="3.324"/>
  <testcase classname="TCs.P_P_C_Validation_TC" name="ValidatePackageDetails_TC" time="1.787"/>
  <testcase classname="TCs.P_P_C_Validation_TC" name="ValidatePackageDetails_TC" time="2.127"/>
  <testcase classname="TCs.P_P_C_Validation_TC" name="ValidatePackageDetails_TC" time="2.566"/>
  <testcase classname="TCs.P_P_C_Validation_TC" name="ValidatePackageDetails_TC" time="2.579"/>
  <testcase classname="TCs.P_P_C_Validation_TC" name="ValidatePackageDetails_TC" time="2.809"/>
  <testcase classname="TCs.P_P_C_Validation_TC" name="ValidatePackageDetails_TC" time="4.509"/>
  <testcase classname="TCs.P_P_C_Validation_TC" name="ValidatePackageDetails_TC" time="2.443"/>
  <testcase classname="TCs.P_P_C_Validation_TC" name="ValidatePackageDetails_TC" time="2.446"/>
</testsuite> <!-- Default test -->
