<?xml version="1.0" encoding="UTF-8"?>
<testng-results ignored="0" total="9" passed="9" failed="0" skipped="0">
  <reporter-output>
  </reporter-output>
  <suite started-at="2023-05-13T02:44:09 AST" name="Default suite" finished-at="2023-05-13T02:45:33 AST" duration-ms="83796">
    <groups>
    </groups>
    <test started-at="2023-05-13T02:44:09 AST" name="Default test" finished-at="2023-05-13T02:45:33 AST" duration-ms="83796">
      <class name="TCs.P_P_C_Validation_TC">
        <test-method is-config="true" signature="Setup()[pri:0, instance:TCs.P_P_C_Validation_TC@7fa98a66]" started-at="2023-05-13T02:44:10 AST" name="Setup" finished-at="2023-05-13T02:44:18 AST" duration-ms="7430" status="PASS">
          <reporter-output>
          </reporter-output>
        </test-method> <!-- Setup -->
        <test-method signature="ValidatePackageDetails_TC(java.lang.String,java.lang.String,java.lang.String,java.lang.String)[pri:0, instance:TCs.P_P_C_Validation_TC@7fa98a66]" started-at="2023-05-13T02:44:18 AST" name="ValidatePackageDetails_TC" data-provider="SheetsTestData" finished-at="2023-05-13T02:44:21 AST" duration-ms="3324" status="PASS">
          <params>
            <param index="0">
              <value>
                <![CDATA[Bahrain]]>
              </value>
            </param>
            <param index="1">
              <value>
                <![CDATA[LITE]]>
              </value>
            </param>
            <param index="2">
              <value>
                <![CDATA[2]]>
              </value>
            </param>
            <param index="3">
              <value>
                <![CDATA[BHD]]>
              </value>
            </param>
          </params>
          <reporter-output>
          </reporter-output>
        </test-method> <!-- ValidatePackageDetails_TC -->
        <test-method is-config="true" signature="Teardown(org.testng.ITestResult)[pri:0, instance:TCs.P_P_C_Validation_TC@7fa98a66]" started-at="2023-05-13T02:44:21 AST" name="Teardown" finished-at="2023-05-13T02:44:21 AST" duration-ms="268" status="PASS">
          <params>
            <param index="0">
              <value>
                <![CDATA[[TestResult name=ValidatePackageDetails_TC status=SUCCESS method=P_P_C_Validation_TC.ValidatePackageDetails_TC(java.lang.String,java.lang.String,java.lang.String,java.lang.String)[pri:0, instance:TCs.P_P_C_Validation_TC@7fa98a66] output={null}]]]>
              </value>
            </param>
          </params>
          <reporter-output>
          </reporter-output>
        </test-method> <!-- Teardown -->
        <test-method is-config="true" signature="Setup()[pri:0, instance:TCs.P_P_C_Validation_TC@7fa98a66]" started-at="2023-05-13T02:44:21 AST" name="Setup" finished-at="2023-05-13T02:44:27 AST" duration-ms="5723" status="PASS">
          <reporter-output>
          </reporter-output>
        </test-method> <!-- Setup -->
        <test-method signature="ValidatePackageDetails_TC(java.lang.String,java.lang.String,java.lang.String,java.lang.String)[pri:0, instance:TCs.P_P_C_Validation_TC@7fa98a66]" started-at="2023-05-13T02:44:27 AST" name="ValidatePackageDetails_TC" data-provider="SheetsTestData" finished-at="2023-05-13T02:44:29 AST" duration-ms="1787" status="PASS">
          <params>
            <param index="0">
              <value>
                <![CDATA[Bahrain]]>
              </value>
            </param>
            <param index="1">
              <value>
                <![CDATA[CLASSIC]]>
              </value>
            </param>
            <param index="2">
              <value>
                <![CDATA[3]]>
              </value>
            </param>
            <param index="3">
              <value>
                <![CDATA[BHD]]>
              </value>
            </param>
          </params>
          <reporter-output>
          </reporter-output>
        </test-method> <!-- ValidatePackageDetails_TC -->
        <test-method is-config="true" signature="Teardown(org.testng.ITestResult)[pri:0, instance:TCs.P_P_C_Validation_TC@7fa98a66]" started-at="2023-05-13T02:44:29 AST" name="Teardown" finished-at="2023-05-13T02:44:29 AST" duration-ms="281" status="PASS">
          <params>
            <param index="0">
              <value>
                <![CDATA[[TestResult name=ValidatePackageDetails_TC status=SUCCESS method=P_P_C_Validation_TC.ValidatePackageDetails_TC(java.lang.String,java.lang.String,java.lang.String,java.lang.String)[pri:0, instance:TCs.P_P_C_Validation_TC@7fa98a66] output={null}]]]>
              </value>
            </param>
          </params>
          <reporter-output>
          </reporter-output>
        </test-method> <!-- Teardown -->
        <test-method is-config="true" signature="Setup()[pri:0, instance:TCs.P_P_C_Validation_TC@7fa98a66]" started-at="2023-05-13T02:44:29 AST" name="Setup" finished-at="2023-05-13T02:44:35 AST" duration-ms="5815" status="PASS">
          <reporter-output>
          </reporter-output>
        </test-method> <!-- Setup -->
        <test-method signature="ValidatePackageDetails_TC(java.lang.String,java.lang.String,java.lang.String,java.lang.String)[pri:0, instance:TCs.P_P_C_Validation_TC@7fa98a66]" started-at="2023-05-13T02:44:35 AST" name="ValidatePackageDetails_TC" data-provider="SheetsTestData" finished-at="2023-05-13T02:44:37 AST" duration-ms="2127" status="PASS">
          <params>
            <param index="0">
              <value>
                <![CDATA[Bahrain]]>
              </value>
            </param>
            <param index="1">
              <value>
                <![CDATA[PREMIUM]]>
              </value>
            </param>
            <param index="2">
              <value>
                <![CDATA[6]]>
              </value>
            </param>
            <param index="3">
              <value>
                <![CDATA[BHD]]>
              </value>
            </param>
          </params>
          <reporter-output>
          </reporter-output>
        </test-method> <!-- ValidatePackageDetails_TC -->
        <test-method is-config="true" signature="Teardown(org.testng.ITestResult)[pri:0, instance:TCs.P_P_C_Validation_TC@7fa98a66]" started-at="2023-05-13T02:44:37 AST" name="Teardown" finished-at="2023-05-13T02:44:37 AST" duration-ms="313" status="PASS">
          <params>
            <param index="0">
              <value>
                <![CDATA[[TestResult name=ValidatePackageDetails_TC status=SUCCESS method=P_P_C_Validation_TC.ValidatePackageDetails_TC(java.lang.String,java.lang.String,java.lang.String,java.lang.String)[pri:0, instance:TCs.P_P_C_Validation_TC@7fa98a66] output={null}]]]>
              </value>
            </param>
          </params>
          <reporter-output>
          </reporter-output>
        </test-method> <!-- Teardown -->
        <test-method is-config="true" signature="Setup()[pri:0, instance:TCs.P_P_C_Validation_TC@7fa98a66]" started-at="2023-05-13T02:44:37 AST" name="Setup" finished-at="2023-05-13T02:44:43 AST" duration-ms="6082" status="PASS">
          <reporter-output>
          </reporter-output>
        </test-method> <!-- Setup -->
        <test-method signature="ValidatePackageDetails_TC(java.lang.String,java.lang.String,java.lang.String,java.lang.String)[pri:0, instance:TCs.P_P_C_Validation_TC@7fa98a66]" started-at="2023-05-13T02:44:43 AST" name="ValidatePackageDetails_TC" data-provider="SheetsTestData" finished-at="2023-05-13T02:44:46 AST" duration-ms="2566" status="PASS">
          <params>
            <param index="0">
              <value>
                <![CDATA[KSA]]>
              </value>
            </param>
            <param index="1">
              <value>
                <![CDATA[LITE]]>
              </value>
            </param>
            <param index="2">
              <value>
                <![CDATA[15]]>
              </value>
            </param>
            <param index="3">
              <value>
                <![CDATA[SAR]]>
              </value>
            </param>
          </params>
          <reporter-output>
          </reporter-output>
        </test-method> <!-- ValidatePackageDetails_TC -->
        <test-method is-config="true" signature="Teardown(org.testng.ITestResult)[pri:0, instance:TCs.P_P_C_Validation_TC@7fa98a66]" started-at="2023-05-13T02:44:46 AST" name="Teardown" finished-at="2023-05-13T02:44:46 AST" duration-ms="240" status="PASS">
          <params>
            <param index="0">
              <value>
                <![CDATA[[TestResult name=ValidatePackageDetails_TC status=SUCCESS method=P_P_C_Validation_TC.ValidatePackageDetails_TC(java.lang.String,java.lang.String,java.lang.String,java.lang.String)[pri:0, instance:TCs.P_P_C_Validation_TC@7fa98a66] output={null}]]]>
              </value>
            </param>
          </params>
          <reporter-output>
          </reporter-output>
        </test-method> <!-- Teardown -->
        <test-method is-config="true" signature="Setup()[pri:0, instance:TCs.P_P_C_Validation_TC@7fa98a66]" started-at="2023-05-13T02:44:46 AST" name="Setup" finished-at="2023-05-13T02:44:53 AST" duration-ms="7027" status="PASS">
          <reporter-output>
          </reporter-output>
        </test-method> <!-- Setup -->
        <test-method signature="ValidatePackageDetails_TC(java.lang.String,java.lang.String,java.lang.String,java.lang.String)[pri:0, instance:TCs.P_P_C_Validation_TC@7fa98a66]" started-at="2023-05-13T02:44:53 AST" name="ValidatePackageDetails_TC" data-provider="SheetsTestData" finished-at="2023-05-13T02:44:56 AST" duration-ms="2579" status="PASS">
          <params>
            <param index="0">
              <value>
                <![CDATA[KSA]]>
              </value>
            </param>
            <param index="1">
              <value>
                <![CDATA[CLASSIC]]>
              </value>
            </param>
            <param index="2">
              <value>
                <![CDATA[25]]>
              </value>
            </param>
            <param index="3">
              <value>
                <![CDATA[SAR]]>
              </value>
            </param>
          </params>
          <reporter-output>
          </reporter-output>
        </test-method> <!-- ValidatePackageDetails_TC -->
        <test-method is-config="true" signature="Teardown(org.testng.ITestResult)[pri:0, instance:TCs.P_P_C_Validation_TC@7fa98a66]" started-at="2023-05-13T02:44:56 AST" name="Teardown" finished-at="2023-05-13T02:44:56 AST" duration-ms="263" status="PASS">
          <params>
            <param index="0">
              <value>
                <![CDATA[[TestResult name=ValidatePackageDetails_TC status=SUCCESS method=P_P_C_Validation_TC.ValidatePackageDetails_TC(java.lang.String,java.lang.String,java.lang.String,java.lang.String)[pri:0, instance:TCs.P_P_C_Validation_TC@7fa98a66] output={null}]]]>
              </value>
            </param>
          </params>
          <reporter-output>
          </reporter-output>
        </test-method> <!-- Teardown -->
        <test-method is-config="true" signature="Setup()[pri:0, instance:TCs.P_P_C_Validation_TC@7fa98a66]" started-at="2023-05-13T02:44:56 AST" name="Setup" finished-at="2023-05-13T02:45:03 AST" duration-ms="6437" status="PASS">
          <reporter-output>
          </reporter-output>
        </test-method> <!-- Setup -->
        <test-method signature="ValidatePackageDetails_TC(java.lang.String,java.lang.String,java.lang.String,java.lang.String)[pri:0, instance:TCs.P_P_C_Validation_TC@7fa98a66]" started-at="2023-05-13T02:45:03 AST" name="ValidatePackageDetails_TC" data-provider="SheetsTestData" finished-at="2023-05-13T02:45:05 AST" duration-ms="2809" status="PASS">
          <params>
            <param index="0">
              <value>
                <![CDATA[KSA]]>
              </value>
            </param>
            <param index="1">
              <value>
                <![CDATA[PREMIUM]]>
              </value>
            </param>
            <param index="2">
              <value>
                <![CDATA[60]]>
              </value>
            </param>
            <param index="3">
              <value>
                <![CDATA[SAR]]>
              </value>
            </param>
          </params>
          <reporter-output>
          </reporter-output>
        </test-method> <!-- ValidatePackageDetails_TC -->
        <test-method is-config="true" signature="Teardown(org.testng.ITestResult)[pri:0, instance:TCs.P_P_C_Validation_TC@7fa98a66]" started-at="2023-05-13T02:45:05 AST" name="Teardown" finished-at="2023-05-13T02:45:06 AST" duration-ms="274" status="PASS">
          <params>
            <param index="0">
              <value>
                <![CDATA[[TestResult name=ValidatePackageDetails_TC status=SUCCESS method=P_P_C_Validation_TC.ValidatePackageDetails_TC(java.lang.String,java.lang.String,java.lang.String,java.lang.String)[pri:0, instance:TCs.P_P_C_Validation_TC@7fa98a66] output={null}]]]>
              </value>
            </param>
          </params>
          <reporter-output>
          </reporter-output>
        </test-method> <!-- Teardown -->
        <test-method is-config="true" signature="Setup()[pri:0, instance:TCs.P_P_C_Validation_TC@7fa98a66]" started-at="2023-05-13T02:45:06 AST" name="Setup" finished-at="2023-05-13T02:45:12 AST" duration-ms="5938" status="PASS">
          <reporter-output>
          </reporter-output>
        </test-method> <!-- Setup -->
        <test-method signature="ValidatePackageDetails_TC(java.lang.String,java.lang.String,java.lang.String,java.lang.String)[pri:0, instance:TCs.P_P_C_Validation_TC@7fa98a66]" started-at="2023-05-13T02:45:12 AST" name="ValidatePackageDetails_TC" data-provider="SheetsTestData" finished-at="2023-05-13T02:45:16 AST" duration-ms="4509" status="PASS">
          <params>
            <param index="0">
              <value>
                <![CDATA[Kuwait]]>
              </value>
            </param>
            <param index="1">
              <value>
                <![CDATA[LITE]]>
              </value>
            </param>
            <param index="2">
              <value>
                <![CDATA[1.2]]>
              </value>
            </param>
            <param index="3">
              <value>
                <![CDATA[KWD]]>
              </value>
            </param>
          </params>
          <reporter-output>
          </reporter-output>
        </test-method> <!-- ValidatePackageDetails_TC -->
        <test-method is-config="true" signature="Teardown(org.testng.ITestResult)[pri:0, instance:TCs.P_P_C_Validation_TC@7fa98a66]" started-at="2023-05-13T02:45:16 AST" name="Teardown" finished-at="2023-05-13T02:45:16 AST" duration-ms="270" status="PASS">
          <params>
            <param index="0">
              <value>
                <![CDATA[[TestResult name=ValidatePackageDetails_TC status=SUCCESS method=P_P_C_Validation_TC.ValidatePackageDetails_TC(java.lang.String,java.lang.String,java.lang.String,java.lang.String)[pri:0, instance:TCs.P_P_C_Validation_TC@7fa98a66] output={null}]]]>
              </value>
            </param>
          </params>
          <reporter-output>
          </reporter-output>
        </test-method> <!-- Teardown -->
        <test-method is-config="true" signature="Setup()[pri:0, instance:TCs.P_P_C_Validation_TC@7fa98a66]" started-at="2023-05-13T02:45:16 AST" name="Setup" finished-at="2023-05-13T02:45:22 AST" duration-ms="5808" status="PASS">
          <reporter-output>
          </reporter-output>
        </test-method> <!-- Setup -->
        <test-method signature="ValidatePackageDetails_TC(java.lang.String,java.lang.String,java.lang.String,java.lang.String)[pri:0, instance:TCs.P_P_C_Validation_TC@7fa98a66]" started-at="2023-05-13T02:45:22 AST" name="ValidatePackageDetails_TC" data-provider="SheetsTestData" finished-at="2023-05-13T02:45:25 AST" duration-ms="2443" status="PASS">
          <params>
            <param index="0">
              <value>
                <![CDATA[Kuwait]]>
              </value>
            </param>
            <param index="1">
              <value>
                <![CDATA[CLASSIC]]>
              </value>
            </param>
            <param index="2">
              <value>
                <![CDATA[2.5]]>
              </value>
            </param>
            <param index="3">
              <value>
                <![CDATA[KWD]]>
              </value>
            </param>
          </params>
          <reporter-output>
          </reporter-output>
        </test-method> <!-- ValidatePackageDetails_TC -->
        <test-method is-config="true" signature="Teardown(org.testng.ITestResult)[pri:0, instance:TCs.P_P_C_Validation_TC@7fa98a66]" started-at="2023-05-13T02:45:25 AST" name="Teardown" finished-at="2023-05-13T02:45:25 AST" duration-ms="289" status="PASS">
          <params>
            <param index="0">
              <value>
                <![CDATA[[TestResult name=ValidatePackageDetails_TC status=SUCCESS method=P_P_C_Validation_TC.ValidatePackageDetails_TC(java.lang.String,java.lang.String,java.lang.String,java.lang.String)[pri:0, instance:TCs.P_P_C_Validation_TC@7fa98a66] output={null}]]]>
              </value>
            </param>
          </params>
          <reporter-output>
          </reporter-output>
        </test-method> <!-- Teardown -->
        <test-method is-config="true" signature="Setup()[pri:0, instance:TCs.P_P_C_Validation_TC@7fa98a66]" started-at="2023-05-13T02:45:25 AST" name="Setup" finished-at="2023-05-13T02:45:30 AST" duration-ms="5586" status="PASS">
          <reporter-output>
          </reporter-output>
        </test-method> <!-- Setup -->
        <test-method signature="ValidatePackageDetails_TC(java.lang.String,java.lang.String,java.lang.String,java.lang.String)[pri:0, instance:TCs.P_P_C_Validation_TC@7fa98a66]" started-at="2023-05-13T02:45:30 AST" name="ValidatePackageDetails_TC" data-provider="SheetsTestData" finished-at="2023-05-13T02:45:33 AST" duration-ms="2446" status="PASS">
          <params>
            <param index="0">
              <value>
                <![CDATA[Kuwait]]>
              </value>
            </param>
            <param index="1">
              <value>
                <![CDATA[PREMIUM]]>
              </value>
            </param>
            <param index="2">
              <value>
                <![CDATA[4.8]]>
              </value>
            </param>
            <param index="3">
              <value>
                <![CDATA[KWD]]>
              </value>
            </param>
          </params>
          <reporter-output>
          </reporter-output>
        </test-method> <!-- ValidatePackageDetails_TC -->
        <test-method is-config="true" signature="Teardown(org.testng.ITestResult)[pri:0, instance:TCs.P_P_C_Validation_TC@7fa98a66]" started-at="2023-05-13T02:45:33 AST" name="Teardown" finished-at="2023-05-13T02:45:33 AST" duration-ms="284" status="PASS">
          <params>
            <param index="0">
              <value>
                <![CDATA[[TestResult name=ValidatePackageDetails_TC status=SUCCESS method=P_P_C_Validation_TC.ValidatePackageDetails_TC(java.lang.String,java.lang.String,java.lang.String,java.lang.String)[pri:0, instance:TCs.P_P_C_Validation_TC@7fa98a66] output={null}]]]>
              </value>
            </param>
          </params>
          <reporter-output>
          </reporter-output>
        </test-method> <!-- Teardown -->
      </class> <!-- TCs.P_P_C_Validation_TC -->
    </test> <!-- Default test -->
  </suite> <!-- Default suite -->
</testng-results>
